#
# There is insufficient memory for the Java Runtime Environment to continue.
# Native memory allocation (mmap) failed to map 251658240 bytes for G1 virtual space
# Possible reasons:
#   The system is out of physical RAM or swap space
#   The process is running with CompressedOops enabled, and the Java Heap may be blocking the growth of the native heap
# Possible solutions:
#   Reduce memory load on the system
#   Increase physical memory or swap space
#   Check if swap backing store is full
#   Decrease Java heap size (-Xmx/-Xms)
#   Decrease number of Java threads
#   Decrease Java thread stack sizes (-Xss)
#   Set larger code cache with -XX:ReservedCodeCacheSize=
#   JVM is running with Zero Based Compressed Oops mode in which the Java heap is
#     placed in the first 32GB address space. The Java Heap base address is the
#     maximum limit for the native heap growth. Please use -XX:HeapBaseMinAddress
#     to set the Java Heap base and to place the Java Heap above 32GB virtual address.
# This output file may be truncated or incomplete.
#
#  Out of Memory Error (os_windows.cpp:3769), pid=19144, tid=8528
#
# JRE version:  (17.0.6+1) (build )
# Java VM: OpenJDK 64-Bit Server VM (17.0.6+1-b653.34, mixed mode, sharing, tiered, compressed oops, compressed class ptrs, g1 gc, windows-amd64)
# No core dump will be written. Minidumps are not enabled by default on client versions of Windows
#

---------------  S U M M A R Y ------------

Command Line: git4idea.http.GitAskPassApp Username for 'https://github.com': 

Host: AMD Ryzen 5 2500U with Radeon Vega Mobile Gfx  , 8 cores, 14G,  Windows 10 , 64 bit Build 19041 (10.0.19041.3636)
Time: Mon Jun  3 19:31:16 2024 India Standard Time elapsed time: 0.024730 seconds (0d 0h 0m 0s)

---------------  T H R E A D  ---------------

Current thread (0x00000269e2704100):  JavaThread "Unknown thread" [_thread_in_vm, id=8528, stack(0x0000007025500000,0x0000007025600000)]

Stack: [0x0000007025500000,0x0000007025600000]
Native frames: (J=compiled Java code, j=interpreted, Vv=VM code, C=native code)
V  [jvm.dll+0x683b4a]
V  [jvm.dll+0x842654]
V  [jvm.dll+0x843dfe]
V  [jvm.dll+0x844463]
V  [jvm.dll+0x249b75]
V  [jvm.dll+0x680a19]
V  [jvm.dll+0x674f0a]
V  [jvm.dll+0x309acb]
V  [jvm.dll+0x310f86]
V  [jvm.dll+0x3608ee]
V  [jvm.dll+0x360b1f]
V  [jvm.dll+0x2dfbf8]
V  [jvm.dll+0x2e0b64]
V  [jvm.dll+0x813f41]
V  [jvm.dll+0x36e6a1]
V  [jvm.dll+0x7f347c]
V  [jvm.dll+0x3f0e8f]
V  [jvm.dll+0x3f29d1]
C  [jli.dll+0x526b]
C  [ucrtbase.dll+0x21bb2]
C  [KERNEL32.DLL+0x17344]
C  [ntdll.dll+0x526b1]


---------------  P R O C E S S  ---------------

Threads class SMR info:
_java_thread_list=0x00007ff96fb4c058, length=0, elements={
}

Java Threads: ( => current thread )

Other Threads:
  0x00000269e276c2c0 GCTaskThread "GC Thread#0" [stack: 0x0000007025600000,0x0000007025700000] [id=17780]
  0x00000269e277d060 ConcurrentGCThread "G1 Main Marker" [stack: 0x0000007025700000,0x0000007025800000] [id=16776]
  0x00000269e277d980 ConcurrentGCThread "G1 Conc#0" [stack: 0x0000007025800000,0x0000007025900000] [id=16736]

[error occurred during error reporting (printing all threads), id 0xc0000005, EXCEPTION_ACCESS_VIOLATION (0xc0000005) at pc=0x00007ff96f300797]

VM state: not at safepoint (not fully initialized)

VM Mutex/Monitor currently owned by a thread:  ([mutex/lock_event])
[0x00000269e26ffa80] Heap_lock - owner thread: 0x00000269e2704100

Heap address: 0x0000000710c00000, size: 3828 MB, Compressed Oops mode: Zero based, Oop shift amount: 3

CDS archive(s) mapped at: [0x0000000000000000-0x0000000000000000-0x0000000000000000), size 0, SharedBaseAddress: 0x0000000800000000, ArchiveRelocationMode: 0.
Narrow klass base: 0x0000000000000000, Narrow klass shift: 0, Narrow klass range: 0x0

GC Precious Log:
<Empty>

Heap:
 garbage-first heap   total 0K, used 0K [0x0000000710c00000, 0x0000000800000000)
  region size 2048K, 0 young (0K), 0 survivors (0K)

[error occurred during error reporting (printing heap information), id 0xc0000005, EXCEPTION_ACCESS_VIOLATION (0xc0000005) at pc=0x00007ff96f6ed939]

GC Heap History (0 events):
No events

Dll operation events (1 events):
Event: 0.016 Loaded shared library C:\Program Files\JetBrains\PyCharm 2022.3.2\jbr\bin\java.dll

Deoptimization events (0 events):
No events

Classes unloaded (0 events):
No events

Classes redefined (0 events):
No events

Internal exceptions (0 events):
No events

VM Operations (0 events):
No events

Events (0 events):
No events


Dynamic libraries:
0x00007ff680d30000 - 0x00007ff680d3a000 	C:\Program Files\JetBrains\PyCharm 2022.3.2\jbr\bin\java.exe
0x00007ff9d5e30000 - 0x00007ff9d6028000 	C:\Windows\SYSTEM32\ntdll.dll
0x00007ff9d3e60000 - 0x00007ff9d3f1d000 	C:\Windows\System32\KERNEL32.DLL
0x00007ff9d3780000 - 0x00007ff9d3a76000 	C:\Windows\System32\KERNELBASE.dll
0x00007ff9d3a80000 - 0x00007ff9d3b80000 	C:\Windows\System32\ucrtbase.dll
0x00007ff98feb0000 - 0x00007ff98fec7000 	C:\Program Files\JetBrains\PyCharm 2022.3.2\jbr\bin\jli.dll
0x00007ff9ce7d0000 - 0x00007ff9ce7eb000 	C:\Program Files\JetBrains\PyCharm 2022.3.2\jbr\bin\VCRUNTIME140.dll
0x00007ff9d4d40000 - 0x00007ff9d4edf000 	C:\Windows\System32\USER32.dll
0x00007ff9d3cf0000 - 0x00007ff9d3d12000 	C:\Windows\System32\win32u.dll
0x00007ff9d3f20000 - 0x00007ff9d3f4b000 	C:\Windows\System32\GDI32.dll
0x00007ff9c05f0000 - 0x00007ff9c088a000 	C:\Windows\WinSxS\amd64_microsoft.windows.common-controls_6595b64144ccf1df_6.0.19041.4355_none_60b8b9eb71f62e16\COMCTL32.dll
0x00007ff9d3b80000 - 0x00007ff9d3c97000 	C:\Windows\System32\gdi32full.dll
0x00007ff9d4920000 - 0x00007ff9d49be000 	C:\Windows\System32\msvcrt.dll
0x00007ff9d3dc0000 - 0x00007ff9d3e5d000 	C:\Windows\System32\msvcp_win.dll
0x00007ff9d4bd0000 - 0x00007ff9d4c02000 	C:\Windows\System32\IMM32.DLL
0x00007ff9ccc30000 - 0x00007ff9ccc3c000 	C:\Program Files\JetBrains\PyCharm 2022.3.2\jbr\bin\vcruntime140_1.dll
0x00007ff9a6ec0000 - 0x00007ff9a6f4d000 	C:\Program Files\JetBrains\PyCharm 2022.3.2\jbr\bin\msvcp140.dll
0x00007ff96f010000 - 0x00007ff96fc7d000 	C:\Program Files\JetBrains\PyCharm 2022.3.2\jbr\bin\server\jvm.dll
0x00007ff9d4280000 - 0x00007ff9d4330000 	C:\Windows\System32\ADVAPI32.dll
0x00007ff9d4c10000 - 0x00007ff9d4cb0000 	C:\Windows\System32\sechost.dll
0x00007ff9d4aa0000 - 0x00007ff9d4bc3000 	C:\Windows\System32\RPCRT4.dll
0x00007ff9d3d20000 - 0x00007ff9d3d47000 	C:\Windows\System32\bcrypt.dll
0x00007ff9c9820000 - 0x00007ff9c9847000 	C:\Windows\SYSTEM32\WINMM.dll
0x00007ff9b8ed0000 - 0x00007ff9b8ed9000 	C:\Windows\SYSTEM32\WSOCK32.dll
0x00007ff9c9780000 - 0x00007ff9c978a000 	C:\Windows\SYSTEM32\VERSION.dll
0x00007ff9d5500000 - 0x00007ff9d556b000 	C:\Windows\System32\WS2_32.dll
0x00007ff9d1360000 - 0x00007ff9d1372000 	C:\Windows\SYSTEM32\kernel.appcore.dll
0x00007ff990be0000 - 0x00007ff990bea000 	C:\Program Files\JetBrains\PyCharm 2022.3.2\jbr\bin\jimage.dll
0x00007ff9bf5c0000 - 0x00007ff9bf7a4000 	C:\Windows\SYSTEM32\DBGHELP.DLL
0x00007ff9bf0e0000 - 0x00007ff9bf114000 	C:\Windows\SYSTEM32\dbgcore.DLL
0x00007ff9d34e0000 - 0x00007ff9d3562000 	C:\Windows\System32\bcryptPrimitives.dll
0x00007ff990bb0000 - 0x00007ff990bd5000 	C:\Program Files\JetBrains\PyCharm 2022.3.2\jbr\bin\java.dll

dbghelp: loaded successfully - version: 4.0.5 - missing functions: none
symbol engine: initialized successfully - sym options: 0x614 - pdb path: .;C:\Program Files\JetBrains\PyCharm 2022.3.2\jbr\bin;C:\Windows\SYSTEM32;C:\Windows\WinSxS\amd64_microsoft.windows.common-controls_6595b64144ccf1df_6.0.19041.4355_none_60b8b9eb71f62e16;C:\Program Files\JetBrains\PyCharm 2022.3.2\jbr\bin\server

VM Arguments:
java_command: git4idea.http.GitAskPassApp Username for 'https://github.com': 
java_class_path (initial): C:/Program Files/JetBrains/PyCharm 2022.3.2/plugins/vcs-git/lib/git4idea-rt.jar;C:/Program Files/JetBrains/PyCharm 2022.3.2/lib/externalProcess-rt.jar;C:/Program Files/JetBrains/PyCharm 2022.3.2/lib/app.jar;C:/Program Files/JetBrains/PyCharm 2022.3.2/lib/3rd-party-rt.jar
Launcher Type: SUN_STANDARD

[Global flags]
     intx CICompilerCount                          = 4                                         {product} {ergonomic}
     uint ConcGCThreads                            = 2                                         {product} {ergonomic}
     uint G1ConcRefinementThreads                  = 8                                         {product} {ergonomic}
   size_t G1HeapRegionSize                         = 2097152                                   {product} {ergonomic}
    uintx GCDrainStackTargetSize                   = 64                                        {product} {ergonomic}
   size_t InitialHeapSize                          = 251658240                                 {product} {ergonomic}
   size_t MarkStackSize                            = 4194304                                   {product} {ergonomic}
   size_t MaxHeapSize                              = 4013948928                                {product} {ergonomic}
   size_t MinHeapDeltaBytes                        = 2097152                                   {product} {ergonomic}
   size_t MinHeapSize                              = 8388608                                   {product} {ergonomic}
    uintx NonNMethodCodeHeapSize                   = 5839372                                {pd product} {ergonomic}
    uintx NonProfiledCodeHeapSize                  = 122909434                              {pd product} {ergonomic}
    uintx ProfiledCodeHeapSize                     = 122909434                              {pd product} {ergonomic}
    uintx ReservedCodeCacheSize                    = 251658240                              {pd product} {ergonomic}
     bool SegmentedCodeCache                       = true                                      {product} {ergonomic}
   size_t SoftMaxHeapSize                          = 4013948928                             {manageable} {ergonomic}
     bool UseCompressedClassPointers               = true                           {product lp64_product} {ergonomic}
     bool UseCompressedOops                        = true                           {product lp64_product} {ergonomic}
     bool UseG1GC                                  = true                                      {product} {ergonomic}
     bool UseLargePagesIndividualAllocation        = false                                  {pd product} {ergonomic}

Logging:
Log output configuration:
 #0: stdout all=warning uptime,level,tags
 #1: stderr all=off uptime,level,tags

Environment Variables:
PATH=C:\Program Files\Git\mingw64\libexec\git-core;C:\Program Files\Git\mingw64\libexec\git-core;C:\Program Files\Git\mingw64\bin;C:\Program Files\Git\usr\bin;C:\Users\Admin\bin;E:\installed_softwares\python3\Scripts;E:\installed_softwares\python3;E:\workstation_pro\bin;E:\installed_softwares\mongodb\mongodb-win32-x86_64-windows-7.0.5\bin;C:\Windows\system32;C:\Windows;C:\Windows\System32\Wbem;C:\Windows\System32\WindowsPowerShell\v1.0;C:\Windows\System32\OpenSSH;C:\Program Files (x86)\NVIDIA Corporation\PhysX\Common;C:\Program Files\NVIDIA Corporation\NVIDIA NvDLISR;C:\Program Files\Git\cmd;E:\installed_softwares\node-js;C:\Users\Admin\AppData\Local\Microsoft\WindowsApps;E:\installed_softwares\PyCharm Community Edition 2021.1.1\bin;D:\Microsoft VS Code\bin;C:\Users\Admin\AppData\Local\atom\bin;E:\installed_softwares\minGW\MinGW\bin;E:\installed_softwares\anaconda\install\Scripts;C:\Users\Admin\AppData\Local\GitHubDesktop\bin;C:\Program Files\JetBrains\PyCharm 2022.3.2\bin;C:\Users\Admin\AppData\Roaming\npm;C:\Users\Admin\AppData\Local\spicetify
USERNAME=Admin
DISPLAY=:0.0
LC_ALL=en_US.UTF-8
TERM=cygwin
TMPDIR=C:\Users\Admin\AppData\Local\Temp
OS=Windows_NT
PROCESSOR_IDENTIFIER=AMD64 Family 23 Model 17 Stepping 0, AuthenticAMD
TMP=C:\Users\Admin\AppData\Local\Temp
TEMP=C:\Users\Admin\AppData\Local\Temp



---------------  S Y S T E M  ---------------

OS:
 Windows 10 , 64 bit Build 19041 (10.0.19041.3636)
OS uptime: 1 days 1:40 hours

CPU: total 8 (initial active 8) (8 cores per cpu, 2 threads per core) family 23 model 17 stepping 0 microcode 0x0, cx8, cmov, fxsr, ht, mmx, 3dnowpref, sse, sse2, sse3, ssse3, sse4a, sse4.1, sse4.2, popcnt, lzcnt, tsc, tscinvbit, avx, avx2, aes, clmul, bmi1, bmi2, adx, sha, fma, vzeroupper, clflush, clflushopt

Memory: 4k page, system-wide physical 15308M (2976M free)
TotalPageFile size 15308M (AvailPageFile size 127M)
current process WorkingSet (physical memory assigned to process): 10M, peak: 10M
current process commit charge ("private bytes"): 60M, peak: 300M

vm_info: OpenJDK 64-Bit Server VM (17.0.6+1-b653.34) for windows-amd64 JRE (17.0.6+1-b653.34), built on 2023-02-24 by "builduser" with MS VC++ 16.10 / 16.11 (VS2019)

END.
